<?xml version="1.0" encoding="UTF-8"?>
<testng-results skipped="0" failed="0" total="1" passed="1">
  <reporter-output>
  </reporter-output>
  <suite name="Suite" duration-ms="21" started-at="2019-04-01T10:23:06Z" finished-at="2019-04-01T10:23:06Z">
    <groups>
    </groups>
    <test name="Test" duration-ms="21" started-at="2019-04-01T10:23:06Z" finished-at="2019-04-01T10:23:06Z">
      <class name="test.Test1">
        <test-method status="PASS" signature="run()[pri:0, instance:test.Test1@c7da1e]" name="run" duration-ms="8" started-at="2019-04-01T15:53:06Z" finished-at="2019-04-01T15:53:06Z">
          <reporter-output>
          </reporter-output>
        </test-method> <!-- run -->
      </class> <!-- test.Test1 -->
    </test> <!-- Test -->
  </suite> <!-- Suite -->
</testng-results>
