<?xml version="1.0" encoding="UTF-8"?>
<testng-results skipped="0" failed="0" ignored="0" total="1" passed="1">
  <reporter-output>
  </reporter-output>
  <suite name="Suite" duration-ms="72" started-at="2019-03-27T05:00:31Z" finished-at="2019-03-27T05:00:31Z">
    <groups>
    </groups>
    <test name="Test" duration-ms="72" started-at="2019-03-27T05:00:31Z" finished-at="2019-03-27T05:00:31Z">
      <class name="test.Test1">
        <test-method status="PASS" signature="run()[pri:0, instance:test.Test1@10399e]" name="run" duration-ms="17" started-at="2019-03-27T05:00:31Z" finished-at="2019-03-27T05:00:31Z">
          <reporter-output>
          </reporter-output>
        </test-method> <!-- run -->
      </class> <!-- test.Test1 -->
    </test> <!-- Test -->
  </suite> <!-- Suite -->
</testng-results>
